<?xml version="1.0" encoding="UTF-8"?>
<testng-results ignored="0" total="1" passed="1" failed="0" skipped="0">
  <reporter-output>
  </reporter-output>
  <suite started-at="2019-08-28T14:21:30Z" name="Default suite" finished-at="2019-08-28T14:21:42Z" duration-ms="11748">
    <groups>
    </groups>
    <test started-at="2019-08-28T14:21:30Z" name="Default test" finished-at="2019-08-28T14:21:42Z" duration-ms="11748">
      <class name="com.demoaut.com.demoaut.Alert">
        <test-method is-config="true" signature="setup()[pri:0, instance:com.demoaut.com.demoaut.Alert@3ec300f1]" started-at="2019-08-28T19:51:30Z" name="setup" finished-at="2019-08-28T19:51:37Z" duration-ms="6839" status="PASS">
          <reporter-output>
          </reporter-output>
        </test-method> <!-- setup -->
        <test-method signature="alert()[pri:0, instance:com.demoaut.com.demoaut.Alert@3ec300f1]" started-at="2019-08-28T19:51:37Z" name="alert" finished-at="2019-08-28T19:51:42Z" duration-ms="4876" status="PASS">
          <reporter-output>
          </reporter-output>
        </test-method> <!-- alert -->
      </class> <!-- com.demoaut.com.demoaut.Alert -->
    </test> <!-- Default test -->
  </suite> <!-- Default suite -->
</testng-results>
